<?xml version="1.0" encoding="UTF-8"?>
<testng-results ignored="0" total="28" passed="27" failed="1" skipped="0">
  <reporter-output>
  </reporter-output>
  <suite started-at="2020-05-27T22:48:07 IST" name="Default suite" finished-at="2020-05-27T23:05:35 IST" duration-ms="1047984">
    <groups>
    </groups>
    <test started-at="2020-05-27T22:48:07 IST" name="Default test" finished-at="2020-05-27T23:05:35 IST" duration-ms="1047984">
      <class name="tests.AppTest">
        <test-method is-config="true" signature="setUp()[pri:0, instance:tests.AppTest@17046283]" started-at="2020-05-27T22:48:07 IST" name="setUp" finished-at="2020-05-27T22:48:33 IST" duration-ms="26562" status="PASS">
          <reporter-output>
          </reporter-output>
        </test-method> <!-- setUp -->
        <test-method signature="OpenBaseApp(java.lang.String, java.lang.String, java.lang.String, java.lang.String, java.lang.String, java.lang.String, java.lang.String, java.lang.String)[pri:0, instance:tests.AppTest@17046283]" started-at="2020-05-27T22:48:40 IST" name="OpenBaseApp" data-provider="getData" finished-at="2020-05-27T22:49:02 IST" duration-ms="22366" status="PASS">
          <params>
            <param index="0">
              <value>
                <![CDATA[delete]]>
              </value>
            </param>
            <param index="1">
              <value>
                <![CDATA[base]]>
              </value>
            </param>
            <param index="2">
              <value>
                <![CDATA[test]]>
              </value>
            </param>
            <param index="3">
              <value>
                <![CDATA[bse@gmail.com]]>
              </value>
            </param>
            <param index="4">
              <value>
                <![CDATA[update2]]>
              </value>
            </param>
            <param index="5">
              <value>
                <![CDATA[]]>
              </value>
            </param>
            <param index="6">
              <value>
                <![CDATA[]]>
              </value>
            </param>
            <param index="7">
              <value>
                <![CDATA[]]>
              </value>
            </param>
          </params>
          <reporter-output>
          </reporter-output>
        </test-method> <!-- OpenBaseApp -->
        <test-method signature="OpenBaseApp(java.lang.String, java.lang.String, java.lang.String, java.lang.String, java.lang.String, java.lang.String, java.lang.String, java.lang.String)[pri:0, instance:tests.AppTest@17046283]" started-at="2020-05-27T22:49:02 IST" name="OpenBaseApp" data-provider="getData" finished-at="2020-05-27T22:49:28 IST" duration-ms="26210" status="PASS">
          <params>
            <param index="0">
              <value>
                <![CDATA[edit]]>
              </value>
            </param>
            <param index="1">
              <value>
                <![CDATA[base]]>
              </value>
            </param>
            <param index="2">
              <value>
                <![CDATA[test]]>
              </value>
            </param>
            <param index="3">
              <value>
                <![CDATA[bse@gmail.com]]>
              </value>
            </param>
            <param index="4">
              <value>
                <![CDATA[]]>
              </value>
            </param>
            <param index="5">
              <value>
                <![CDATA[]]>
              </value>
            </param>
            <param index="6">
              <value>
                <![CDATA[]]>
              </value>
            </param>
            <param index="7">
              <value>
                <![CDATA[]]>
              </value>
            </param>
          </params>
          <reporter-output>
          </reporter-output>
        </test-method> <!-- OpenBaseApp -->
        <test-method signature="OpenBaseApp(java.lang.String, java.lang.String, java.lang.String, java.lang.String, java.lang.String, java.lang.String, java.lang.String, java.lang.String)[pri:0, instance:tests.AppTest@17046283]" started-at="2020-05-27T22:49:28 IST" name="OpenBaseApp" data-provider="getData" finished-at="2020-05-27T22:49:57 IST" duration-ms="28671" status="PASS">
          <params>
            <param index="0">
              <value>
                <![CDATA[edit ]]>
              </value>
            </param>
            <param index="1">
              <value>
                <![CDATA[base]]>
              </value>
            </param>
            <param index="2">
              <value>
                <![CDATA[test]]>
              </value>
            </param>
            <param index="3">
              <value>
                <![CDATA[bse@gmail.com]]>
              </value>
            </param>
            <param index="4">
              <value>
                <![CDATA[]]>
              </value>
            </param>
            <param index="5">
              <value>
                <![CDATA[]]>
              </value>
            </param>
            <param index="6">
              <value>
                <![CDATA[]]>
              </value>
            </param>
            <param index="7">
              <value>
                <![CDATA[]]>
              </value>
            </param>
          </params>
          <reporter-output>
          </reporter-output>
        </test-method> <!-- OpenBaseApp -->
        <test-method signature="OpenBaseApp(java.lang.String, java.lang.String, java.lang.String, java.lang.String, java.lang.String, java.lang.String, java.lang.String, java.lang.String)[pri:0, instance:tests.AppTest@17046283]" started-at="2020-05-27T22:49:57 IST" name="OpenBaseApp" data-provider="getData" finished-at="2020-05-27T22:50:42 IST" duration-ms="45207" status="PASS">
          <params>
            <param index="0">
              <value>
                <![CDATA[create]]>
              </value>
            </param>
            <param index="1">
              <value>
                <![CDATA[base]]>
              </value>
            </param>
            <param index="2">
              <value>
                <![CDATA[test]]>
              </value>
            </param>
            <param index="3">
              <value>
                <![CDATA[bse@gmail.com]]>
              </value>
            </param>
            <param index="4">
              <value>
                <![CDATA[]]>
              </value>
            </param>
            <param index="5">
              <value>
                <![CDATA[]]>
              </value>
            </param>
            <param index="6">
              <value>
                <![CDATA[]]>
              </value>
            </param>
            <param index="7">
              <value>
                <![CDATA[]]>
              </value>
            </param>
          </params>
          <reporter-output>
          </reporter-output>
        </test-method> <!-- OpenBaseApp -->
        <test-method signature="OpenBaseApp(java.lang.String, java.lang.String, java.lang.String, java.lang.String, java.lang.String, java.lang.String, java.lang.String, java.lang.String)[pri:0, instance:tests.AppTest@17046283]" started-at="2020-05-27T22:50:42 IST" name="OpenBaseApp" data-provider="getData" finished-at="2020-05-27T22:51:04 IST" duration-ms="21650" status="PASS">
          <params>
            <param index="0">
              <value>
                <![CDATA[creatae]]>
              </value>
            </param>
            <param index="1">
              <value>
                <![CDATA[]]>
              </value>
            </param>
            <param index="2">
              <value>
                <![CDATA[test]]>
              </value>
            </param>
            <param index="3">
              <value>
                <![CDATA[test@mgail.com]]>
              </value>
            </param>
            <param index="4">
              <value>
                <![CDATA[]]>
              </value>
            </param>
            <param index="5">
              <value>
                <![CDATA[]]>
              </value>
            </param>
            <param index="6">
              <value>
                <![CDATA[]]>
              </value>
            </param>
            <param index="7">
              <value>
                <![CDATA[]]>
              </value>
            </param>
          </params>
          <reporter-output>
          </reporter-output>
        </test-method> <!-- OpenBaseApp -->
        <test-method signature="OpenBaseApp(java.lang.String, java.lang.String, java.lang.String, java.lang.String, java.lang.String, java.lang.String, java.lang.String, java.lang.String)[pri:0, instance:tests.AppTest@17046283]" started-at="2020-05-27T22:51:04 IST" name="OpenBaseApp" data-provider="getData" finished-at="2020-05-27T22:51:54 IST" duration-ms="50184" status="PASS">
          <params>
            <param index="0">
              <value>
                <![CDATA[create]]>
              </value>
            </param>
            <param index="1">
              <value>
                <![CDATA[test]]>
              </value>
            </param>
            <param index="2">
              <value>
                <![CDATA[test2]]>
              </value>
            </param>
            <param index="3">
              <value>
                <![CDATA[teest2@gmail.com]]>
              </value>
            </param>
            <param index="4">
              <value>
                <![CDATA[]]>
              </value>
            </param>
            <param index="5">
              <value>
                <![CDATA[]]>
              </value>
            </param>
            <param index="6">
              <value>
                <![CDATA[]]>
              </value>
            </param>
            <param index="7">
              <value>
                <![CDATA[]]>
              </value>
            </param>
          </params>
          <reporter-output>
          </reporter-output>
        </test-method> <!-- OpenBaseApp -->
        <test-method signature="OpenBaseApp(java.lang.String, java.lang.String, java.lang.String, java.lang.String, java.lang.String, java.lang.String, java.lang.String, java.lang.String)[pri:0, instance:tests.AppTest@17046283]" started-at="2020-05-27T22:51:54 IST" name="OpenBaseApp" data-provider="getData" finished-at="2020-05-27T22:52:34 IST" duration-ms="39561" status="PASS">
          <params>
            <param index="0">
              <value>
                <![CDATA[create]]>
              </value>
            </param>
            <param index="1">
              <value>
                <![CDATA[test]]>
              </value>
            </param>
            <param index="2">
              <value>
                <![CDATA[test3]]>
              </value>
            </param>
            <param index="3">
              <value>
                <![CDATA[test3@gmail.com]]>
              </value>
            </param>
            <param index="4">
              <value>
                <![CDATA[]]>
              </value>
            </param>
            <param index="5">
              <value>
                <![CDATA[]]>
              </value>
            </param>
            <param index="6">
              <value>
                <![CDATA[]]>
              </value>
            </param>
            <param index="7">
              <value>
                <![CDATA[]]>
              </value>
            </param>
          </params>
          <reporter-output>
          </reporter-output>
        </test-method> <!-- OpenBaseApp -->
        <test-method signature="OpenBaseApp(java.lang.String, java.lang.String, java.lang.String, java.lang.String, java.lang.String, java.lang.String, java.lang.String, java.lang.String)[pri:0, instance:tests.AppTest@17046283]" started-at="2020-05-27T22:52:34 IST" name="OpenBaseApp" data-provider="getData" finished-at="2020-05-27T22:52:34 IST" duration-ms="5" status="FAIL">
          <params>
            <param index="0">
              <value is-null="true"/>
            </param>
            <param index="1">
              <value is-null="true"/>
            </param>
            <param index="2">
              <value is-null="true"/>
            </param>
            <param index="3">
              <value is-null="true"/>
            </param>
            <param index="4">
              <value is-null="true"/>
            </param>
            <param index="5">
              <value is-null="true"/>
            </param>
            <param index="6">
              <value is-null="true"/>
            </param>
            <param index="7">
              <value is-null="true"/>
            </param>
          </params>
          <exception class="java.lang.NullPointerException">
            <full-stacktrace>
              <![CDATA[java.lang.NullPointerException
at tests.AppTest.OpenBaseApp(AppTest.java:42)
at java.base/jdk.internal.reflect.NativeMethodAccessorImpl.invoke0(Native Method)
at java.base/jdk.internal.reflect.NativeMethodAccessorImpl.invoke(NativeMethodAccessorImpl.java:62)
at java.base/jdk.internal.reflect.DelegatingMethodAccessorImpl.invoke(DelegatingMethodAccessorImpl.java:43)
at java.base/java.lang.reflect.Method.invoke(Method.java:567)
at org.testng.internal.MethodInvocationHelper.invokeMethod(MethodInvocationHelper.java:134)
at org.testng.internal.TestInvoker.invokeMethod(TestInvoker.java:597)
at org.testng.internal.TestInvoker.invokeTestMethod(TestInvoker.java:173)
at org.testng.internal.MethodRunner.runInSequence(MethodRunner.java:46)
at org.testng.internal.TestInvoker$MethodInvocationAgent.invoke(TestInvoker.java:816)
at org.testng.internal.TestInvoker.invokeTestMethods(TestInvoker.java:146)
at org.testng.internal.TestMethodWorker.invokeTestMethods(TestMethodWorker.java:146)
at org.testng.internal.TestMethodWorker.run(TestMethodWorker.java:128)
at java.base/java.util.ArrayList.forEach(ArrayList.java:1507)
at org.testng.TestRunner.privateRun(TestRunner.java:766)
at org.testng.TestRunner.run(TestRunner.java:587)
at org.testng.SuiteRunner.runTest(SuiteRunner.java:384)
at org.testng.SuiteRunner.runSequentially(SuiteRunner.java:378)
at org.testng.SuiteRunner.privateRun(SuiteRunner.java:337)
at org.testng.SuiteRunner.run(SuiteRunner.java:286)
at org.testng.SuiteRunnerWorker.runSuite(SuiteRunnerWorker.java:53)
at org.testng.SuiteRunnerWorker.run(SuiteRunnerWorker.java:96)
at org.testng.TestNG.runSuitesSequentially(TestNG.java:1187)
at org.testng.TestNG.runSuitesLocally(TestNG.java:1109)
at org.testng.TestNG.runSuites(TestNG.java:1039)
at org.testng.TestNG.run(TestNG.java:1007)
at org.testng.remote.AbstractRemoteTestNG.run(AbstractRemoteTestNG.java:115)
at org.testng.remote.RemoteTestNG.initAndRun(RemoteTestNG.java:251)
at org.testng.remote.RemoteTestNG.main(RemoteTestNG.java:77)
]]>
            </full-stacktrace>
          </exception> <!-- java.lang.NullPointerException -->
          <reporter-output>
          </reporter-output>
        </test-method> <!-- OpenBaseApp -->
        <test-method signature="OpenBaseApp(java.lang.String, java.lang.String, java.lang.String, java.lang.String, java.lang.String, java.lang.String, java.lang.String, java.lang.String)[pri:0, instance:tests.AppTest@17046283]" started-at="2020-05-27T22:52:34 IST" name="OpenBaseApp" data-provider="getData" finished-at="2020-05-27T22:53:17 IST" duration-ms="43408" status="PASS">
          <params>
            <param index="0">
              <value>
                <![CDATA[create]]>
              </value>
            </param>
            <param index="1">
              <value>
                <![CDATA[test]]>
              </value>
            </param>
            <param index="2">
              <value>
                <![CDATA[test4]]>
              </value>
            </param>
            <param index="3">
              <value>
                <![CDATA[t4@gmail.com]]>
              </value>
            </param>
            <param index="4">
              <value>
                <![CDATA[]]>
              </value>
            </param>
            <param index="5">
              <value>
                <![CDATA[]]>
              </value>
            </param>
            <param index="6">
              <value>
                <![CDATA[]]>
              </value>
            </param>
            <param index="7">
              <value>
                <![CDATA[]]>
              </value>
            </param>
          </params>
          <reporter-output>
          </reporter-output>
        </test-method> <!-- OpenBaseApp -->
        <test-method signature="OpenBaseApp(java.lang.String, java.lang.String, java.lang.String, java.lang.String, java.lang.String, java.lang.String, java.lang.String, java.lang.String)[pri:0, instance:tests.AppTest@17046283]" started-at="2020-05-27T22:53:17 IST" name="OpenBaseApp" data-provider="getData" finished-at="2020-05-27T22:53:52 IST" duration-ms="35253" status="PASS">
          <params>
            <param index="0">
              <value>
                <![CDATA[create]]>
              </value>
            </param>
            <param index="1">
              <value>
                <![CDATA[]]>
              </value>
            </param>
            <param index="2">
              <value>
                <![CDATA[test]]>
              </value>
            </param>
            <param index="3">
              <value>
                <![CDATA[]]>
              </value>
            </param>
            <param index="4">
              <value>
                <![CDATA[]]>
              </value>
            </param>
            <param index="5">
              <value>
                <![CDATA[]]>
              </value>
            </param>
            <param index="6">
              <value>
                <![CDATA[]]>
              </value>
            </param>
            <param index="7">
              <value>
                <![CDATA[]]>
              </value>
            </param>
          </params>
          <reporter-output>
          </reporter-output>
        </test-method> <!-- OpenBaseApp -->
        <test-method signature="OpenBaseApp(java.lang.String, java.lang.String, java.lang.String, java.lang.String, java.lang.String, java.lang.String, java.lang.String, java.lang.String)[pri:0, instance:tests.AppTest@17046283]" started-at="2020-05-27T22:53:52 IST" name="OpenBaseApp" data-provider="getData" finished-at="2020-05-27T22:54:19 IST" duration-ms="26741" status="PASS">
          <params>
            <param index="0">
              <value>
                <![CDATA[edit ]]>
              </value>
            </param>
            <param index="1">
              <value>
                <![CDATA[test]]>
              </value>
            </param>
            <param index="2">
              <value>
                <![CDATA[test2]]>
              </value>
            </param>
            <param index="3">
              <value>
                <![CDATA[teest2@gmail.co]]>
              </value>
            </param>
            <param index="4">
              <value>
                <![CDATA[]]>
              </value>
            </param>
            <param index="5">
              <value>
                <![CDATA[]]>
              </value>
            </param>
            <param index="6">
              <value>
                <![CDATA[]]>
              </value>
            </param>
            <param index="7">
              <value>
                <![CDATA[]]>
              </value>
            </param>
          </params>
          <reporter-output>
          </reporter-output>
        </test-method> <!-- OpenBaseApp -->
        <test-method signature="OpenBaseApp(java.lang.String, java.lang.String, java.lang.String, java.lang.String, java.lang.String, java.lang.String, java.lang.String, java.lang.String)[pri:0, instance:tests.AppTest@17046283]" started-at="2020-05-27T22:54:19 IST" name="OpenBaseApp" data-provider="getData" finished-at="2020-05-27T22:55:02 IST" duration-ms="42912" status="PASS">
          <params>
            <param index="0">
              <value>
                <![CDATA[create]]>
              </value>
            </param>
            <param index="1">
              <value>
                <![CDATA[test]]>
              </value>
            </param>
            <param index="2">
              <value>
                <![CDATA[test]]>
              </value>
            </param>
            <param index="3">
              <value>
                <![CDATA[]]>
              </value>
            </param>
            <param index="4">
              <value>
                <![CDATA[]]>
              </value>
            </param>
            <param index="5">
              <value>
                <![CDATA[]]>
              </value>
            </param>
            <param index="6">
              <value>
                <![CDATA[]]>
              </value>
            </param>
            <param index="7">
              <value>
                <![CDATA[]]>
              </value>
            </param>
          </params>
          <reporter-output>
          </reporter-output>
        </test-method> <!-- OpenBaseApp -->
        <test-method signature="OpenBaseApp(java.lang.String, java.lang.String, java.lang.String, java.lang.String, java.lang.String, java.lang.String, java.lang.String, java.lang.String)[pri:0, instance:tests.AppTest@17046283]" started-at="2020-05-27T22:55:02 IST" name="OpenBaseApp" data-provider="getData" finished-at="2020-05-27T22:55:34 IST" duration-ms="31849" status="PASS">
          <params>
            <param index="0">
              <value>
                <![CDATA[create]]>
              </value>
            </param>
            <param index="1">
              <value>
                <![CDATA[test]]>
              </value>
            </param>
            <param index="2">
              <value>
                <![CDATA[]]>
              </value>
            </param>
            <param index="3">
              <value>
                <![CDATA[]]>
              </value>
            </param>
            <param index="4">
              <value>
                <![CDATA[]]>
              </value>
            </param>
            <param index="5">
              <value>
                <![CDATA[]]>
              </value>
            </param>
            <param index="6">
              <value>
                <![CDATA[]]>
              </value>
            </param>
            <param index="7">
              <value>
                <![CDATA[]]>
              </value>
            </param>
          </params>
          <reporter-output>
          </reporter-output>
        </test-method> <!-- OpenBaseApp -->
        <test-method signature="OpenBaseApp(java.lang.String, java.lang.String, java.lang.String, java.lang.String, java.lang.String, java.lang.String, java.lang.String, java.lang.String)[pri:0, instance:tests.AppTest@17046283]" started-at="2020-05-27T22:55:34 IST" name="OpenBaseApp" data-provider="getData" finished-at="2020-05-27T22:55:58 IST" duration-ms="24263" status="PASS">
          <params>
            <param index="0">
              <value>
                <![CDATA[edit ]]>
              </value>
            </param>
            <param index="1">
              <value>
                <![CDATA[]]>
              </value>
            </param>
            <param index="2">
              <value>
                <![CDATA[test2]]>
              </value>
            </param>
            <param index="3">
              <value>
                <![CDATA[teest2@gmail.co]]>
              </value>
            </param>
            <param index="4">
              <value>
                <![CDATA[]]>
              </value>
            </param>
            <param index="5">
              <value>
                <![CDATA[]]>
              </value>
            </param>
            <param index="6">
              <value>
                <![CDATA[]]>
              </value>
            </param>
            <param index="7">
              <value>
                <![CDATA[]]>
              </value>
            </param>
          </params>
          <reporter-output>
          </reporter-output>
        </test-method> <!-- OpenBaseApp -->
        <test-method signature="OpenBaseApp(java.lang.String, java.lang.String, java.lang.String, java.lang.String, java.lang.String, java.lang.String, java.lang.String, java.lang.String)[pri:0, instance:tests.AppTest@17046283]" started-at="2020-05-27T22:55:58 IST" name="OpenBaseApp" data-provider="getData" finished-at="2020-05-27T22:56:43 IST" duration-ms="45167" status="PASS">
          <params>
            <param index="0">
              <value>
                <![CDATA[create]]>
              </value>
            </param>
            <param index="1">
              <value>
                <![CDATA[test]]>
              </value>
            </param>
            <param index="2">
              <value>
                <![CDATA[test5]]>
              </value>
            </param>
            <param index="3">
              <value>
                <![CDATA[test5@gmail.com]]>
              </value>
            </param>
            <param index="4">
              <value>
                <![CDATA[]]>
              </value>
            </param>
            <param index="5">
              <value>
                <![CDATA[]]>
              </value>
            </param>
            <param index="6">
              <value>
                <![CDATA[]]>
              </value>
            </param>
            <param index="7">
              <value>
                <![CDATA[]]>
              </value>
            </param>
          </params>
          <reporter-output>
          </reporter-output>
        </test-method> <!-- OpenBaseApp -->
        <test-method signature="OpenBaseApp(java.lang.String, java.lang.String, java.lang.String, java.lang.String, java.lang.String, java.lang.String, java.lang.String, java.lang.String)[pri:0, instance:tests.AppTest@17046283]" started-at="2020-05-27T22:56:43 IST" name="OpenBaseApp" data-provider="getData" finished-at="2020-05-27T22:57:30 IST" duration-ms="46264" status="PASS">
          <params>
            <param index="0">
              <value>
                <![CDATA[create]]>
              </value>
            </param>
            <param index="1">
              <value>
                <![CDATA[test]]>
              </value>
            </param>
            <param index="2">
              <value>
                <![CDATA[test6]]>
              </value>
            </param>
            <param index="3">
              <value>
                <![CDATA[test6@gmail.com]]>
              </value>
            </param>
            <param index="4">
              <value>
                <![CDATA[]]>
              </value>
            </param>
            <param index="5">
              <value>
                <![CDATA[]]>
              </value>
            </param>
            <param index="6">
              <value>
                <![CDATA[]]>
              </value>
            </param>
            <param index="7">
              <value>
                <![CDATA[]]>
              </value>
            </param>
          </params>
          <reporter-output>
          </reporter-output>
        </test-method> <!-- OpenBaseApp -->
        <test-method signature="OpenBaseApp(java.lang.String, java.lang.String, java.lang.String, java.lang.String, java.lang.String, java.lang.String, java.lang.String, java.lang.String)[pri:0, instance:tests.AppTest@17046283]" started-at="2020-05-27T22:57:30 IST" name="OpenBaseApp" data-provider="getData" finished-at="2020-05-27T22:58:00 IST" duration-ms="30641" status="PASS">
          <params>
            <param index="0">
              <value>
                <![CDATA[delete]]>
              </value>
            </param>
            <param index="1">
              <value>
                <![CDATA[test]]>
              </value>
            </param>
            <param index="2">
              <value>
                <![CDATA[test4]]>
              </value>
            </param>
            <param index="3">
              <value>
                <![CDATA[t4@gmail.com]]>
              </value>
            </param>
            <param index="4">
              <value>
                <![CDATA[]]>
              </value>
            </param>
            <param index="5">
              <value>
                <![CDATA[]]>
              </value>
            </param>
            <param index="6">
              <value>
                <![CDATA[]]>
              </value>
            </param>
            <param index="7">
              <value>
                <![CDATA[]]>
              </value>
            </param>
          </params>
          <reporter-output>
          </reporter-output>
        </test-method> <!-- OpenBaseApp -->
        <test-method signature="OpenBaseApp(java.lang.String, java.lang.String, java.lang.String, java.lang.String, java.lang.String, java.lang.String, java.lang.String, java.lang.String)[pri:0, instance:tests.AppTest@17046283]" started-at="2020-05-27T22:58:00 IST" name="OpenBaseApp" data-provider="getData" finished-at="2020-05-27T22:59:08 IST" duration-ms="67853" status="PASS">
          <params>
            <param index="0">
              <value>
                <![CDATA[Edit]]>
              </value>
            </param>
            <param index="1">
              <value>
                <![CDATA[test]]>
              </value>
            </param>
            <param index="2">
              <value>
                <![CDATA[test5]]>
              </value>
            </param>
            <param index="3">
              <value>
                <![CDATA[test5@gmail.com]]>
              </value>
            </param>
            <param index="4">
              <value>
                <![CDATA[update]]>
              </value>
            </param>
            <param index="5">
              <value>
                <![CDATA[update2]]>
              </value>
            </param>
            <param index="6">
              <value>
                <![CDATA[update@gmail]]>
              </value>
            </param>
            <param index="7">
              <value>
                <![CDATA[]]>
              </value>
            </param>
          </params>
          <reporter-output>
          </reporter-output>
        </test-method> <!-- OpenBaseApp -->
        <test-method signature="OpenBaseApp(java.lang.String, java.lang.String, java.lang.String, java.lang.String, java.lang.String, java.lang.String, java.lang.String, java.lang.String)[pri:0, instance:tests.AppTest@17046283]" started-at="2020-05-27T22:59:08 IST" name="OpenBaseApp" data-provider="getData" finished-at="2020-05-27T22:59:53 IST" duration-ms="44578" status="PASS">
          <params>
            <param index="0">
              <value>
                <![CDATA[create]]>
              </value>
            </param>
            <param index="1">
              <value>
                <![CDATA[test]]>
              </value>
            </param>
            <param index="2">
              <value>
                <![CDATA[test7]]>
              </value>
            </param>
            <param index="3">
              <value>
                <![CDATA[test7@gmail.com]]>
              </value>
            </param>
            <param index="4">
              <value>
                <![CDATA[]]>
              </value>
            </param>
            <param index="5">
              <value>
                <![CDATA[]]>
              </value>
            </param>
            <param index="6">
              <value>
                <![CDATA[]]>
              </value>
            </param>
            <param index="7">
              <value>
                <![CDATA[]]>
              </value>
            </param>
          </params>
          <reporter-output>
          </reporter-output>
        </test-method> <!-- OpenBaseApp -->
        <test-method signature="OpenBaseApp(java.lang.String, java.lang.String, java.lang.String, java.lang.String, java.lang.String, java.lang.String, java.lang.String, java.lang.String)[pri:0, instance:tests.AppTest@17046283]" started-at="2020-05-27T22:59:53 IST" name="OpenBaseApp" data-provider="getData" finished-at="2020-05-27T23:01:14 IST" duration-ms="81056" status="PASS">
          <params>
            <param index="0">
              <value>
                <![CDATA[Edit]]>
              </value>
            </param>
            <param index="1">
              <value>
                <![CDATA[test]]>
              </value>
            </param>
            <param index="2">
              <value>
                <![CDATA[test5]]>
              </value>
            </param>
            <param index="3">
              <value>
                <![CDATA[test5@gmail.com]]>
              </value>
            </param>
            <param index="4">
              <value>
                <![CDATA[update]]>
              </value>
            </param>
            <param index="5">
              <value>
                <![CDATA[update2]]>
              </value>
            </param>
            <param index="6">
              <value>
                <![CDATA[update@gmail.com]]>
              </value>
            </param>
            <param index="7">
              <value>
                <![CDATA[]]>
              </value>
            </param>
          </params>
          <reporter-output>
          </reporter-output>
        </test-method> <!-- OpenBaseApp -->
        <test-method signature="OpenBaseApp(java.lang.String, java.lang.String, java.lang.String, java.lang.String, java.lang.String, java.lang.String, java.lang.String, java.lang.String)[pri:0, instance:tests.AppTest@17046283]" started-at="2020-05-27T23:01:14 IST" name="OpenBaseApp" data-provider="getData" finished-at="2020-05-27T23:01:58 IST" duration-ms="44093" status="PASS">
          <params>
            <param index="0">
              <value>
                <![CDATA[create]]>
              </value>
            </param>
            <param index="1">
              <value>
                <![CDATA[test]]>
              </value>
            </param>
            <param index="2">
              <value>
                <![CDATA[test1]]>
              </value>
            </param>
            <param index="3">
              <value>
                <![CDATA[t@gmail.com]]>
              </value>
            </param>
            <param index="4">
              <value>
                <![CDATA[]]>
              </value>
            </param>
            <param index="5">
              <value>
                <![CDATA[]]>
              </value>
            </param>
            <param index="6">
              <value>
                <![CDATA[]]>
              </value>
            </param>
            <param index="7">
              <value>
                <![CDATA[]]>
              </value>
            </param>
          </params>
          <reporter-output>
          </reporter-output>
        </test-method> <!-- OpenBaseApp -->
        <test-method signature="OpenBaseApp(java.lang.String, java.lang.String, java.lang.String, java.lang.String, java.lang.String, java.lang.String, java.lang.String, java.lang.String)[pri:0, instance:tests.AppTest@17046283]" started-at="2020-05-27T23:01:58 IST" name="OpenBaseApp" data-provider="getData" finished-at="2020-05-27T23:02:33 IST" duration-ms="34927" status="PASS">
          <params>
            <param index="0">
              <value>
                <![CDATA[delete]]>
              </value>
            </param>
            <param index="1">
              <value>
                <![CDATA[test]]>
              </value>
            </param>
            <param index="2">
              <value>
                <![CDATA[test1]]>
              </value>
            </param>
            <param index="3">
              <value>
                <![CDATA[t@gmail.com]]>
              </value>
            </param>
            <param index="4">
              <value>
                <![CDATA[]]>
              </value>
            </param>
            <param index="5">
              <value>
                <![CDATA[]]>
              </value>
            </param>
            <param index="6">
              <value>
                <![CDATA[]]>
              </value>
            </param>
            <param index="7">
              <value>
                <![CDATA[]]>
              </value>
            </param>
          </params>
          <reporter-output>
          </reporter-output>
        </test-method> <!-- OpenBaseApp -->
        <test-method signature="OpenBaseApp(java.lang.String, java.lang.String, java.lang.String, java.lang.String, java.lang.String, java.lang.String, java.lang.String, java.lang.String)[pri:0, instance:tests.AppTest@17046283]" started-at="2020-05-27T23:02:33 IST" name="OpenBaseApp" data-provider="getData" finished-at="2020-05-27T23:02:58 IST" duration-ms="25457" status="PASS">
          <params>
            <param index="0">
              <value>
                <![CDATA[delete]]>
              </value>
            </param>
            <param index="1">
              <value>
                <![CDATA[base]]>
              </value>
            </param>
            <param index="2">
              <value>
                <![CDATA[test]]>
              </value>
            </param>
            <param index="3">
              <value>
                <![CDATA[bse@gmail.com]]>
              </value>
            </param>
            <param index="4">
              <value>
                <![CDATA[]]>
              </value>
            </param>
            <param index="5">
              <value>
                <![CDATA[]]>
              </value>
            </param>
            <param index="6">
              <value>
                <![CDATA[]]>
              </value>
            </param>
            <param index="7">
              <value>
                <![CDATA[]]>
              </value>
            </param>
          </params>
          <reporter-output>
          </reporter-output>
        </test-method> <!-- OpenBaseApp -->
        <test-method signature="OpenBaseApp(java.lang.String, java.lang.String, java.lang.String, java.lang.String, java.lang.String, java.lang.String, java.lang.String, java.lang.String)[pri:0, instance:tests.AppTest@17046283]" started-at="2020-05-27T23:02:58 IST" name="OpenBaseApp" data-provider="getData" finished-at="2020-05-27T23:03:19 IST" duration-ms="21036" status="PASS">
          <params>
            <param index="0">
              <value>
                <![CDATA[delete]]>
              </value>
            </param>
            <param index="1">
              <value>
                <![CDATA[test]]>
              </value>
            </param>
            <param index="2">
              <value>
                <![CDATA[test7]]>
              </value>
            </param>
            <param index="3">
              <value>
                <![CDATA[test5@gmail.com]]>
              </value>
            </param>
            <param index="4">
              <value>
                <![CDATA[]]>
              </value>
            </param>
            <param index="5">
              <value>
                <![CDATA[]]>
              </value>
            </param>
            <param index="6">
              <value>
                <![CDATA[]]>
              </value>
            </param>
            <param index="7">
              <value>
                <![CDATA[]]>
              </value>
            </param>
          </params>
          <reporter-output>
          </reporter-output>
        </test-method> <!-- OpenBaseApp -->
        <test-method signature="OpenBaseApp(java.lang.String, java.lang.String, java.lang.String, java.lang.String, java.lang.String, java.lang.String, java.lang.String, java.lang.String)[pri:0, instance:tests.AppTest@17046283]" started-at="2020-05-27T23:03:19 IST" name="OpenBaseApp" data-provider="getData" finished-at="2020-05-27T23:03:46 IST" duration-ms="26126" status="PASS">
          <params>
            <param index="0">
              <value>
                <![CDATA[delete]]>
              </value>
            </param>
            <param index="1">
              <value>
                <![CDATA[]]>
              </value>
            </param>
            <param index="2">
              <value>
                <![CDATA[update2]]>
              </value>
            </param>
            <param index="3">
              <value>
                <![CDATA[update@gmail.com]]>
              </value>
            </param>
            <param index="4">
              <value>
                <![CDATA[]]>
              </value>
            </param>
            <param index="5">
              <value>
                <![CDATA[]]>
              </value>
            </param>
            <param index="6">
              <value>
                <![CDATA[]]>
              </value>
            </param>
            <param index="7">
              <value>
                <![CDATA[]]>
              </value>
            </param>
          </params>
          <reporter-output>
          </reporter-output>
        </test-method> <!-- OpenBaseApp -->
        <test-method signature="OpenBaseApp(java.lang.String, java.lang.String, java.lang.String, java.lang.String, java.lang.String, java.lang.String, java.lang.String, java.lang.String)[pri:0, instance:tests.AppTest@17046283]" started-at="2020-05-27T23:03:46 IST" name="OpenBaseApp" data-provider="getData" finished-at="2020-05-27T23:04:10 IST" duration-ms="24505" status="PASS">
          <params>
            <param index="0">
              <value>
                <![CDATA[delete]]>
              </value>
            </param>
            <param index="1">
              <value>
                <![CDATA[update]]>
              </value>
            </param>
            <param index="2">
              <value>
                <![CDATA[update2]]>
              </value>
            </param>
            <param index="3">
              <value>
                <![CDATA[update@gmail.com]]>
              </value>
            </param>
            <param index="4">
              <value>
                <![CDATA[]]>
              </value>
            </param>
            <param index="5">
              <value>
                <![CDATA[]]>
              </value>
            </param>
            <param index="6">
              <value>
                <![CDATA[]]>
              </value>
            </param>
            <param index="7">
              <value>
                <![CDATA[]]>
              </value>
            </param>
          </params>
          <reporter-output>
          </reporter-output>
        </test-method> <!-- OpenBaseApp -->
        <test-method signature="OpenBaseApp(java.lang.String, java.lang.String, java.lang.String, java.lang.String, java.lang.String, java.lang.String, java.lang.String, java.lang.String)[pri:0, instance:tests.AppTest@17046283]" started-at="2020-05-27T23:04:10 IST" name="OpenBaseApp" data-provider="getData" finished-at="2020-05-27T23:04:54 IST" duration-ms="43551" status="PASS">
          <params>
            <param index="0">
              <value>
                <![CDATA[edit ]]>
              </value>
            </param>
            <param index="1">
              <value>
                <![CDATA[test]]>
              </value>
            </param>
            <param index="2">
              <value>
                <![CDATA[test2]]>
              </value>
            </param>
            <param index="3">
              <value>
                <![CDATA[teest2@gmail.com]]>
              </value>
            </param>
            <param index="4">
              <value>
                <![CDATA[update1]]>
              </value>
            </param>
            <param index="5">
              <value>
                <![CDATA[]]>
              </value>
            </param>
            <param index="6">
              <value>
                <![CDATA[]]>
              </value>
            </param>
            <param index="7">
              <value>
                <![CDATA[]]>
              </value>
            </param>
          </params>
          <reporter-output>
          </reporter-output>
        </test-method> <!-- OpenBaseApp -->
        <test-method signature="OpenBaseApp(java.lang.String, java.lang.String, java.lang.String, java.lang.String, java.lang.String, java.lang.String, java.lang.String, java.lang.String)[pri:0, instance:tests.AppTest@17046283]" started-at="2020-05-27T23:04:54 IST" name="OpenBaseApp" data-provider="getData" finished-at="2020-05-27T23:05:17 IST" duration-ms="23195" status="PASS">
          <params>
            <param index="0">
              <value>
                <![CDATA[edit]]>
              </value>
            </param>
            <param index="1">
              <value>
                <![CDATA[]]>
              </value>
            </param>
            <param index="2">
              <value>
                <![CDATA[test2]]>
              </value>
            </param>
            <param index="3">
              <value>
                <![CDATA[teest2@gmail.co]]>
              </value>
            </param>
            <param index="4">
              <value>
                <![CDATA[]]>
              </value>
            </param>
            <param index="5">
              <value>
                <![CDATA[]]>
              </value>
            </param>
            <param index="6">
              <value>
                <![CDATA[]]>
              </value>
            </param>
            <param index="7">
              <value>
                <![CDATA[]]>
              </value>
            </param>
          </params>
          <reporter-output>
          </reporter-output>
        </test-method> <!-- OpenBaseApp -->
        <test-method is-config="true" signature="tearDown()[pri:0, instance:tests.AppTest@17046283]" started-at="2020-05-27T23:05:17 IST" name="tearDown" finished-at="2020-05-27T23:05:35 IST" duration-ms="17854" status="PASS">
          <reporter-output>
          </reporter-output>
        </test-method> <!-- tearDown -->
      </class> <!-- tests.AppTest -->
    </test> <!-- Default test -->
  </suite> <!-- Default suite -->
</testng-results>
