<?xml version="1.0" encoding="UTF-8"?>
<testng-results ignored="0" total="17" passed="17" failed="0" skipped="0">
  <reporter-output>
  </reporter-output>
  <suite started-at="2020-06-10T12:58:08 IST" name="Default suite" finished-at="2020-06-10T13:11:01 IST" duration-ms="773437">
    <groups>
    </groups>
    <test started-at="2020-06-10T12:58:08 IST" name="Default test" finished-at="2020-06-10T13:11:01 IST" duration-ms="773437">
      <class name="tests.AppTest">
        <test-method is-config="true" signature="setUp()[pri:0, instance:tests.AppTest@21de60b4]" started-at="2020-06-10T12:58:08 IST" name="setUp" finished-at="2020-06-10T12:58:31 IST" duration-ms="23579" status="PASS">
          <reporter-output>
          </reporter-output>
        </test-method> <!-- setUp -->
        <test-method signature="OpenBaseApp(java.lang.String, java.lang.String, java.lang.String, java.lang.String, java.lang.String, java.lang.String, java.lang.String, java.lang.String)[pri:0, instance:tests.AppTest@21de60b4]" started-at="2020-06-10T12:58:34 IST" name="OpenBaseApp" data-provider="getData" finished-at="2020-06-10T12:59:53 IST" duration-ms="79364" status="PASS">
          <params>
            <param index="0">
              <value>
                <![CDATA[Edit]]>
              </value>
            </param>
            <param index="1">
              <value>
                <![CDATA[pp]]>
              </value>
            </param>
            <param index="2">
              <value>
                <![CDATA[p]]>
              </value>
            </param>
            <param index="3">
              <value>
                <![CDATA[test@gmail.com]]>
              </value>
            </param>
            <param index="4">
              <value>
                <![CDATA[ppupdate]]>
              </value>
            </param>
            <param index="5">
              <value>
                <![CDATA[]]>
              </value>
            </param>
            <param index="6">
              <value>
                <![CDATA[]]>
              </value>
            </param>
            <param index="7">
              <value>
                <![CDATA[Edited]]>
              </value>
            </param>
          </params>
          <reporter-output>
          </reporter-output>
        </test-method> <!-- OpenBaseApp -->
        <test-method signature="OpenBaseApp(java.lang.String, java.lang.String, java.lang.String, java.lang.String, java.lang.String, java.lang.String, java.lang.String, java.lang.String)[pri:0, instance:tests.AppTest@21de60b4]" started-at="2020-06-10T12:59:54 IST" name="OpenBaseApp" data-provider="getData" finished-at="2020-06-10T13:01:09 IST" duration-ms="75068" status="PASS">
          <params>
            <param index="0">
              <value>
                <![CDATA[Edit]]>
              </value>
            </param>
            <param index="1">
              <value>
                <![CDATA[test]]>
              </value>
            </param>
            <param index="2">
              <value>
                <![CDATA[kupdate]]>
              </value>
            </param>
            <param index="3">
              <value>
                <![CDATA[test@gmail.com]]>
              </value>
            </param>
            <param index="4">
              <value>
                <![CDATA[]]>
              </value>
            </param>
            <param index="5">
              <value>
                <![CDATA[kk]]>
              </value>
            </param>
            <param index="6">
              <value>
                <![CDATA[]]>
              </value>
            </param>
            <param index="7">
              <value>
                <![CDATA[]]>
              </value>
            </param>
          </params>
          <reporter-output>
          </reporter-output>
        </test-method> <!-- OpenBaseApp -->
        <test-method signature="OpenBaseApp(java.lang.String, java.lang.String, java.lang.String, java.lang.String, java.lang.String, java.lang.String, java.lang.String, java.lang.String)[pri:0, instance:tests.AppTest@21de60b4]" started-at="2020-06-10T13:01:09 IST" name="OpenBaseApp" data-provider="getData" finished-at="2020-06-10T13:01:25 IST" duration-ms="16839" status="PASS">
          <params>
            <param index="0">
              <value>
                <![CDATA[dele]]>
              </value>
            </param>
            <param index="1">
              <value>
                <![CDATA[r]]>
              </value>
            </param>
            <param index="2">
              <value>
                <![CDATA[]]>
              </value>
            </param>
            <param index="3">
              <value>
                <![CDATA[]]>
              </value>
            </param>
            <param index="4">
              <value>
                <![CDATA[]]>
              </value>
            </param>
            <param index="5">
              <value>
                <![CDATA[]]>
              </value>
            </param>
            <param index="6">
              <value>
                <![CDATA[]]>
              </value>
            </param>
            <param index="7">
              <value>
                <![CDATA[]]>
              </value>
            </param>
          </params>
          <reporter-output>
          </reporter-output>
        </test-method> <!-- OpenBaseApp -->
        <test-method signature="OpenBaseApp(java.lang.String, java.lang.String, java.lang.String, java.lang.String, java.lang.String, java.lang.String, java.lang.String, java.lang.String)[pri:0, instance:tests.AppTest@21de60b4]" started-at="2020-06-10T13:01:25 IST" name="OpenBaseApp" data-provider="getData" finished-at="2020-06-10T13:02:40 IST" duration-ms="75014" status="PASS">
          <params>
            <param index="0">
              <value>
                <![CDATA[Delete]]>
              </value>
            </param>
            <param index="1">
              <value>
                <![CDATA[test]]>
              </value>
            </param>
            <param index="2">
              <value>
                <![CDATA[kupdate]]>
              </value>
            </param>
            <param index="3">
              <value>
                <![CDATA[test@gmail.com]]>
              </value>
            </param>
            <param index="4">
              <value>
                <![CDATA[]]>
              </value>
            </param>
            <param index="5">
              <value>
                <![CDATA[]]>
              </value>
            </param>
            <param index="6">
              <value>
                <![CDATA[]]>
              </value>
            </param>
            <param index="7">
              <value>
                <![CDATA[]]>
              </value>
            </param>
          </params>
          <reporter-output>
          </reporter-output>
        </test-method> <!-- OpenBaseApp -->
        <test-method signature="OpenBaseApp(java.lang.String, java.lang.String, java.lang.String, java.lang.String, java.lang.String, java.lang.String, java.lang.String, java.lang.String)[pri:0, instance:tests.AppTest@21de60b4]" started-at="2020-06-10T13:02:40 IST" name="OpenBaseApp" data-provider="getData" finished-at="2020-06-10T13:03:54 IST" duration-ms="73539" status="PASS">
          <params>
            <param index="0">
              <value>
                <![CDATA[Edit]]>
              </value>
            </param>
            <param index="1">
              <value>
                <![CDATA[test]]>
              </value>
            </param>
            <param index="2">
              <value>
                <![CDATA[t]]>
              </value>
            </param>
            <param index="3">
              <value>
                <![CDATA[ttt@te.com]]>
              </value>
            </param>
            <param index="4">
              <value>
                <![CDATA[]]>
              </value>
            </param>
            <param index="5">
              <value>
                <![CDATA[]]>
              </value>
            </param>
            <param index="6">
              <value>
                <![CDATA[]]>
              </value>
            </param>
            <param index="7">
              <value>
                <![CDATA[]]>
              </value>
            </param>
          </params>
          <reporter-output>
          </reporter-output>
        </test-method> <!-- OpenBaseApp -->
        <test-method signature="OpenBaseApp(java.lang.String, java.lang.String, java.lang.String, java.lang.String, java.lang.String, java.lang.String, java.lang.String, java.lang.String)[pri:0, instance:tests.AppTest@21de60b4]" started-at="2020-06-10T13:03:54 IST" name="OpenBaseApp" data-provider="getData" finished-at="2020-06-10T13:04:12 IST" duration-ms="17748" status="PASS">
          <params>
            <param index="0">
              <value>
                <![CDATA[]]>
              </value>
            </param>
            <param index="1">
              <value>
                <![CDATA[test]]>
              </value>
            </param>
            <param index="2">
              <value>
                <![CDATA[t]]>
              </value>
            </param>
            <param index="3">
              <value>
                <![CDATA[t]]>
              </value>
            </param>
            <param index="4">
              <value>
                <![CDATA[]]>
              </value>
            </param>
            <param index="5">
              <value>
                <![CDATA[]]>
              </value>
            </param>
            <param index="6">
              <value>
                <![CDATA[]]>
              </value>
            </param>
            <param index="7">
              <value>
                <![CDATA[]]>
              </value>
            </param>
          </params>
          <reporter-output>
          </reporter-output>
        </test-method> <!-- OpenBaseApp -->
        <test-method signature="OpenBaseApp(java.lang.String, java.lang.String, java.lang.String, java.lang.String, java.lang.String, java.lang.String, java.lang.String, java.lang.String)[pri:0, instance:tests.AppTest@21de60b4]" started-at="2020-06-10T13:04:12 IST" name="OpenBaseApp" data-provider="getData" finished-at="2020-06-10T13:04:59 IST" duration-ms="47059" status="PASS">
          <params>
            <param index="0">
              <value>
                <![CDATA[Edit]]>
              </value>
            </param>
            <param index="1">
              <value>
                <![CDATA[test]]>
              </value>
            </param>
            <param index="2">
              <value>
                <![CDATA[test]]>
              </value>
            </param>
            <param index="3">
              <value>
                <![CDATA[test@gmail.com]]>
              </value>
            </param>
            <param index="4">
              <value>
                <![CDATA[]]>
              </value>
            </param>
            <param index="5">
              <value>
                <![CDATA[]]>
              </value>
            </param>
            <param index="6">
              <value>
                <![CDATA[testupdate@gmail.com]]>
              </value>
            </param>
            <param index="7">
              <value>
                <![CDATA[]]>
              </value>
            </param>
          </params>
          <reporter-output>
          </reporter-output>
        </test-method> <!-- OpenBaseApp -->
        <test-method signature="OpenBaseApp(java.lang.String, java.lang.String, java.lang.String, java.lang.String, java.lang.String, java.lang.String, java.lang.String, java.lang.String)[pri:0, instance:tests.AppTest@21de60b4]" started-at="2020-06-10T13:04:59 IST" name="OpenBaseApp" data-provider="getData" finished-at="2020-06-10T13:05:26 IST" duration-ms="27139" status="PASS">
          <params>
            <param index="0">
              <value>
                <![CDATA[Delete]]>
              </value>
            </param>
            <param index="1">
              <value>
                <![CDATA[base]]>
              </value>
            </param>
            <param index="2">
              <value>
                <![CDATA[test]]>
              </value>
            </param>
            <param index="3">
              <value>
                <![CDATA[bse@gmail.com]]>
              </value>
            </param>
            <param index="4">
              <value>
                <![CDATA[]]>
              </value>
            </param>
            <param index="5">
              <value>
                <![CDATA[]]>
              </value>
            </param>
            <param index="6">
              <value>
                <![CDATA[]]>
              </value>
            </param>
            <param index="7">
              <value>
                <![CDATA[]]>
              </value>
            </param>
          </params>
          <reporter-output>
          </reporter-output>
        </test-method> <!-- OpenBaseApp -->
        <test-method signature="OpenBaseApp(java.lang.String, java.lang.String, java.lang.String, java.lang.String, java.lang.String, java.lang.String, java.lang.String, java.lang.String)[pri:0, instance:tests.AppTest@21de60b4]" started-at="2020-06-10T13:05:26 IST" name="OpenBaseApp" data-provider="getData" finished-at="2020-06-10T13:06:00 IST" duration-ms="33515" status="PASS">
          <params>
            <param index="0">
              <value>
                <![CDATA[Create]]>
              </value>
            </param>
            <param index="1">
              <value>
                <![CDATA[test]]>
              </value>
            </param>
            <param index="2">
              <value>
                <![CDATA[qwe]]>
              </value>
            </param>
            <param index="3">
              <value>
                <![CDATA[qwe@gmail.com]]>
              </value>
            </param>
            <param index="4">
              <value>
                <![CDATA[]]>
              </value>
            </param>
            <param index="5">
              <value>
                <![CDATA[]]>
              </value>
            </param>
            <param index="6">
              <value>
                <![CDATA[]]>
              </value>
            </param>
            <param index="7">
              <value>
                <![CDATA[]]>
              </value>
            </param>
          </params>
          <reporter-output>
          </reporter-output>
        </test-method> <!-- OpenBaseApp -->
        <test-method signature="OpenBaseApp(java.lang.String, java.lang.String, java.lang.String, java.lang.String, java.lang.String, java.lang.String, java.lang.String, java.lang.String)[pri:0, instance:tests.AppTest@21de60b4]" started-at="2020-06-10T13:06:00 IST" name="OpenBaseApp" data-provider="getData" finished-at="2020-06-10T13:06:20 IST" duration-ms="20592" status="PASS">
          <params>
            <param index="0">
              <value>
                <![CDATA[Create]]>
              </value>
            </param>
            <param index="1">
              <value>
                <![CDATA[]]>
              </value>
            </param>
            <param index="2">
              <value>
                <![CDATA[qwe]]>
              </value>
            </param>
            <param index="3">
              <value>
                <![CDATA[qwe@gmail.com]]>
              </value>
            </param>
            <param index="4">
              <value>
                <![CDATA[]]>
              </value>
            </param>
            <param index="5">
              <value>
                <![CDATA[]]>
              </value>
            </param>
            <param index="6">
              <value>
                <![CDATA[]]>
              </value>
            </param>
            <param index="7">
              <value>
                <![CDATA[]]>
              </value>
            </param>
          </params>
          <reporter-output>
          </reporter-output>
        </test-method> <!-- OpenBaseApp -->
        <test-method signature="OpenBaseApp(java.lang.String, java.lang.String, java.lang.String, java.lang.String, java.lang.String, java.lang.String, java.lang.String, java.lang.String)[pri:0, instance:tests.AppTest@21de60b4]" started-at="2020-06-10T13:06:20 IST" name="OpenBaseApp" data-provider="getData" finished-at="2020-06-10T13:07:10 IST" duration-ms="49881" status="PASS">
          <params>
            <param index="0">
              <value>
                <![CDATA[Edit]]>
              </value>
            </param>
            <param index="1">
              <value>
                <![CDATA[base]]>
              </value>
            </param>
            <param index="2">
              <value>
                <![CDATA[test]]>
              </value>
            </param>
            <param index="3">
              <value>
                <![CDATA[bse@gmail.com]]>
              </value>
            </param>
            <param index="4">
              <value>
                <![CDATA[]]>
              </value>
            </param>
            <param index="5">
              <value>
                <![CDATA[]]>
              </value>
            </param>
            <param index="6">
              <value>
                <![CDATA[bse@gma]]>
              </value>
            </param>
            <param index="7">
              <value>
                <![CDATA[]]>
              </value>
            </param>
          </params>
          <reporter-output>
          </reporter-output>
        </test-method> <!-- OpenBaseApp -->
        <test-method signature="OpenBaseApp(java.lang.String, java.lang.String, java.lang.String, java.lang.String, java.lang.String, java.lang.String, java.lang.String, java.lang.String)[pri:0, instance:tests.AppTest@21de60b4]" started-at="2020-06-10T13:07:10 IST" name="OpenBaseApp" data-provider="getData" finished-at="2020-06-10T13:08:01 IST" duration-ms="50783" status="PASS">
          <params>
            <param index="0">
              <value>
                <![CDATA[Delete]]>
              </value>
            </param>
            <param index="1">
              <value>
                <![CDATA[base]]>
              </value>
            </param>
            <param index="2">
              <value>
                <![CDATA[test]]>
              </value>
            </param>
            <param index="3">
              <value>
                <![CDATA[bse@gmail.com]]>
              </value>
            </param>
            <param index="4">
              <value>
                <![CDATA[]]>
              </value>
            </param>
            <param index="5">
              <value>
                <![CDATA[]]>
              </value>
            </param>
            <param index="6">
              <value>
                <![CDATA[]]>
              </value>
            </param>
            <param index="7">
              <value>
                <![CDATA[]]>
              </value>
            </param>
          </params>
          <reporter-output>
          </reporter-output>
        </test-method> <!-- OpenBaseApp -->
        <test-method signature="OpenBaseApp(java.lang.String, java.lang.String, java.lang.String, java.lang.String, java.lang.String, java.lang.String, java.lang.String, java.lang.String)[pri:0, instance:tests.AppTest@21de60b4]" started-at="2020-06-10T13:08:01 IST" name="OpenBaseApp" data-provider="getData" finished-at="2020-06-10T13:08:47 IST" duration-ms="46374" status="PASS">
          <params>
            <param index="0">
              <value>
                <![CDATA[Delete]]>
              </value>
            </param>
            <param index="1">
              <value>
                <![CDATA[base]]>
              </value>
            </param>
            <param index="2">
              <value>
                <![CDATA[test]]>
              </value>
            </param>
            <param index="3">
              <value>
                <![CDATA[bse@gmail.com]]>
              </value>
            </param>
            <param index="4">
              <value>
                <![CDATA[]]>
              </value>
            </param>
            <param index="5">
              <value>
                <![CDATA[]]>
              </value>
            </param>
            <param index="6">
              <value>
                <![CDATA[]]>
              </value>
            </param>
            <param index="7">
              <value>
                <![CDATA[]]>
              </value>
            </param>
          </params>
          <reporter-output>
          </reporter-output>
        </test-method> <!-- OpenBaseApp -->
        <test-method signature="OpenBaseApp(java.lang.String, java.lang.String, java.lang.String, java.lang.String, java.lang.String, java.lang.String, java.lang.String, java.lang.String)[pri:0, instance:tests.AppTest@21de60b4]" started-at="2020-06-10T13:08:47 IST" name="OpenBaseApp" data-provider="getData" finished-at="2020-06-10T13:09:09 IST" duration-ms="21510" status="PASS">
          <params>
            <param index="0">
              <value>
                <![CDATA[Create]]>
              </value>
            </param>
            <param index="1">
              <value>
                <![CDATA[test]]>
              </value>
            </param>
            <param index="2">
              <value>
                <![CDATA[]]>
              </value>
            </param>
            <param index="3">
              <value>
                <![CDATA[qwe@gmail.com]]>
              </value>
            </param>
            <param index="4">
              <value>
                <![CDATA[]]>
              </value>
            </param>
            <param index="5">
              <value>
                <![CDATA[]]>
              </value>
            </param>
            <param index="6">
              <value>
                <![CDATA[]]>
              </value>
            </param>
            <param index="7">
              <value>
                <![CDATA[]]>
              </value>
            </param>
          </params>
          <reporter-output>
          </reporter-output>
        </test-method> <!-- OpenBaseApp -->
        <test-method signature="OpenBaseApp(java.lang.String, java.lang.String, java.lang.String, java.lang.String, java.lang.String, java.lang.String, java.lang.String, java.lang.String)[pri:0, instance:tests.AppTest@21de60b4]" started-at="2020-06-10T13:09:09 IST" name="OpenBaseApp" data-provider="getData" finished-at="2020-06-10T13:09:35 IST" duration-ms="26468" status="PASS">
          <params>
            <param index="0">
              <value>
                <![CDATA[Delete]]>
              </value>
            </param>
            <param index="1">
              <value>
                <![CDATA[test]]>
              </value>
            </param>
            <param index="2">
              <value>
                <![CDATA[test7]]>
              </value>
            </param>
            <param index="3">
              <value>
                <![CDATA[test7@gmail.com]]>
              </value>
            </param>
            <param index="4">
              <value>
                <![CDATA[]]>
              </value>
            </param>
            <param index="5">
              <value>
                <![CDATA[]]>
              </value>
            </param>
            <param index="6">
              <value>
                <![CDATA[]]>
              </value>
            </param>
            <param index="7">
              <value>
                <![CDATA[]]>
              </value>
            </param>
          </params>
          <reporter-output>
          </reporter-output>
        </test-method> <!-- OpenBaseApp -->
        <test-method signature="OpenBaseApp(java.lang.String, java.lang.String, java.lang.String, java.lang.String, java.lang.String, java.lang.String, java.lang.String, java.lang.String)[pri:0, instance:tests.AppTest@21de60b4]" started-at="2020-06-10T13:09:35 IST" name="OpenBaseApp" data-provider="getData" finished-at="2020-06-10T13:10:25 IST" duration-ms="49351" status="PASS">
          <params>
            <param index="0">
              <value>
                <![CDATA[Delete]]>
              </value>
            </param>
            <param index="1">
              <value>
                <![CDATA[base]]>
              </value>
            </param>
            <param index="2">
              <value>
                <![CDATA[test]]>
              </value>
            </param>
            <param index="3">
              <value>
                <![CDATA[bse@gmail.com]]>
              </value>
            </param>
            <param index="4">
              <value>
                <![CDATA[]]>
              </value>
            </param>
            <param index="5">
              <value>
                <![CDATA[]]>
              </value>
            </param>
            <param index="6">
              <value>
                <![CDATA[]]>
              </value>
            </param>
            <param index="7">
              <value>
                <![CDATA[]]>
              </value>
            </param>
          </params>
          <reporter-output>
          </reporter-output>
        </test-method> <!-- OpenBaseApp -->
        <test-method signature="OpenBaseApp(java.lang.String, java.lang.String, java.lang.String, java.lang.String, java.lang.String, java.lang.String, java.lang.String, java.lang.String)[pri:0, instance:tests.AppTest@21de60b4]" started-at="2020-06-10T13:10:25 IST" name="OpenBaseApp" data-provider="getData" finished-at="2020-06-10T13:10:48 IST" duration-ms="23442" status="PASS">
          <params>
            <param index="0">
              <value>
                <![CDATA[Create]]>
              </value>
            </param>
            <param index="1">
              <value>
                <![CDATA[test]]>
              </value>
            </param>
            <param index="2">
              <value>
                <![CDATA[qwe]]>
              </value>
            </param>
            <param index="3">
              <value>
                <![CDATA[]]>
              </value>
            </param>
            <param index="4">
              <value>
                <![CDATA[]]>
              </value>
            </param>
            <param index="5">
              <value>
                <![CDATA[]]>
              </value>
            </param>
            <param index="6">
              <value>
                <![CDATA[]]>
              </value>
            </param>
            <param index="7">
              <value>
                <![CDATA[]]>
              </value>
            </param>
          </params>
          <reporter-output>
          </reporter-output>
        </test-method> <!-- OpenBaseApp -->
        <test-method is-config="true" signature="tearDown()[pri:0, instance:tests.AppTest@21de60b4]" started-at="2020-06-10T13:10:48 IST" name="tearDown" finished-at="2020-06-10T13:11:01 IST" duration-ms="13290" status="PASS">
          <reporter-output>
          </reporter-output>
        </test-method> <!-- tearDown -->
      </class> <!-- tests.AppTest -->
    </test> <!-- Default test -->
  </suite> <!-- Default suite -->
</testng-results>
