<?xml version="1.0" encoding="UTF-8"?>
<!-- Generated by org.testng.reporters.JUnitXMLReporter -->
<testsuite ignored="0" hostname="DESKTOP-HHRE872" failures="0" tests="17" name="Default test" time="773.437" errors="0" timestamp="2020-06-10T13:11:01 IST">
  <testcase classname="tests.AppTest" name="OpenBaseApp" time="79.364"/>
  <testcase classname="tests.AppTest" name="OpenBaseApp" time="75.068"/>
  <testcase classname="tests.AppTest" name="OpenBaseApp" time="16.839"/>
  <testcase classname="tests.AppTest" name="OpenBaseApp" time="75.014"/>
  <testcase classname="tests.AppTest" name="OpenBaseApp" time="73.539"/>
  <testcase classname="tests.AppTest" name="OpenBaseApp" time="17.748"/>
  <testcase classname="tests.AppTest" name="OpenBaseApp" time="47.059"/>
  <testcase classname="tests.AppTest" name="OpenBaseApp" time="27.139"/>
  <testcase classname="tests.AppTest" name="OpenBaseApp" time="33.515"/>
  <testcase classname="tests.AppTest" name="OpenBaseApp" time="20.592"/>
  <testcase classname="tests.AppTest" name="OpenBaseApp" time="49.881"/>
  <testcase classname="tests.AppTest" name="OpenBaseApp" time="50.783"/>
  <testcase classname="tests.AppTest" name="OpenBaseApp" time="46.374"/>
  <testcase classname="tests.AppTest" name="OpenBaseApp" time="21.51"/>
  <testcase classname="tests.AppTest" name="OpenBaseApp" time="26.468"/>
  <testcase classname="tests.AppTest" name="OpenBaseApp" time="49.351"/>
  <testcase classname="tests.AppTest" name="OpenBaseApp" time="23.442"/>
</testsuite> <!-- Default test -->
