<?xml version="1.0" encoding="UTF-8"?>
<!-- Generated by org.testng.reporters.JUnitXMLReporter -->
<testsuite ignored="0" hostname="DESKTOP-HHRE872" failures="1" tests="28" name="Default test" time="1047.984" errors="0" timestamp="2020-05-27T23:05:35 IST">
  <testcase classname="tests.AppTest" name="OpenBaseApp" time="22.366"/>
  <testcase classname="tests.AppTest" name="OpenBaseApp" time="26.21"/>
  <testcase classname="tests.AppTest" name="OpenBaseApp" time="28.671"/>
  <testcase classname="tests.AppTest" name="OpenBaseApp" time="45.207"/>
  <testcase classname="tests.AppTest" name="OpenBaseApp" time="21.65"/>
  <testcase classname="tests.AppTest" name="OpenBaseApp" time="50.184"/>
  <testcase classname="tests.AppTest" name="OpenBaseApp" time="39.561"/>
  <testcase classname="tests.AppTest" name="OpenBaseApp" time="0.005">
    <failure type="java.lang.NullPointerException">
      <![CDATA[java.lang.NullPointerException
at tests.AppTest.OpenBaseApp(AppTest.java:42)
at java.base/jdk.internal.reflect.NativeMethodAccessorImpl.invoke0(Native Method)
at java.base/jdk.internal.reflect.NativeMethodAccessorImpl.invoke(NativeMethodAccessorImpl.java:62)
at java.base/jdk.internal.reflect.DelegatingMethodAccessorImpl.invoke(DelegatingMethodAccessorImpl.java:43)
at java.base/java.lang.reflect.Method.invoke(Method.java:567)
at org.testng.internal.MethodInvocationHelper.invokeMethod(MethodInvocationHelper.java:134)
at org.testng.internal.TestInvoker.invokeMethod(TestInvoker.java:597)
at org.testng.internal.TestInvoker.invokeTestMethod(TestInvoker.java:173)
at org.testng.internal.MethodRunner.runInSequence(MethodRunner.java:46)
at org.testng.internal.TestInvoker$MethodInvocationAgent.invoke(TestInvoker.java:816)
at org.testng.internal.TestInvoker.invokeTestMethods(TestInvoker.java:146)
at org.testng.internal.TestMethodWorker.invokeTestMethods(TestMethodWorker.java:146)
at org.testng.internal.TestMethodWorker.run(TestMethodWorker.java:128)
at java.base/java.util.ArrayList.forEach(ArrayList.java:1507)
at org.testng.TestRunner.privateRun(TestRunner.java:766)
at org.testng.TestRunner.run(TestRunner.java:587)
at org.testng.SuiteRunner.runTest(SuiteRunner.java:384)
at org.testng.SuiteRunner.runSequentially(SuiteRunner.java:378)
at org.testng.SuiteRunner.privateRun(SuiteRunner.java:337)
at org.testng.SuiteRunner.run(SuiteRunner.java:286)
at org.testng.SuiteRunnerWorker.runSuite(SuiteRunnerWorker.java:53)
at org.testng.SuiteRunnerWorker.run(SuiteRunnerWorker.java:96)
at org.testng.TestNG.runSuitesSequentially(TestNG.java:1187)
at org.testng.TestNG.runSuitesLocally(TestNG.java:1109)
at org.testng.TestNG.runSuites(TestNG.java:1039)
at org.testng.TestNG.run(TestNG.java:1007)
at org.testng.remote.AbstractRemoteTestNG.run(AbstractRemoteTestNG.java:115)
at org.testng.remote.RemoteTestNG.initAndRun(RemoteTestNG.java:251)
at org.testng.remote.RemoteTestNG.main(RemoteTestNG.java:77)
]]>
    </failure>
  </testcase> <!-- OpenBaseApp -->
  <testcase classname="tests.AppTest" name="OpenBaseApp" time="43.408"/>
  <testcase classname="tests.AppTest" name="OpenBaseApp" time="35.253"/>
  <testcase classname="tests.AppTest" name="OpenBaseApp" time="26.741"/>
  <testcase classname="tests.AppTest" name="OpenBaseApp" time="42.912"/>
  <testcase classname="tests.AppTest" name="OpenBaseApp" time="31.849"/>
  <testcase classname="tests.AppTest" name="OpenBaseApp" time="24.263"/>
  <testcase classname="tests.AppTest" name="OpenBaseApp" time="45.167"/>
  <testcase classname="tests.AppTest" name="OpenBaseApp" time="46.264"/>
  <testcase classname="tests.AppTest" name="OpenBaseApp" time="30.641"/>
  <testcase classname="tests.AppTest" name="OpenBaseApp" time="67.853"/>
  <testcase classname="tests.AppTest" name="OpenBaseApp" time="44.578"/>
  <testcase classname="tests.AppTest" name="OpenBaseApp" time="81.056"/>
  <testcase classname="tests.AppTest" name="OpenBaseApp" time="44.093"/>
  <testcase classname="tests.AppTest" name="OpenBaseApp" time="34.927"/>
  <testcase classname="tests.AppTest" name="OpenBaseApp" time="25.457"/>
  <testcase classname="tests.AppTest" name="OpenBaseApp" time="21.036"/>
  <testcase classname="tests.AppTest" name="OpenBaseApp" time="26.126"/>
  <testcase classname="tests.AppTest" name="OpenBaseApp" time="24.505"/>
  <testcase classname="tests.AppTest" name="OpenBaseApp" time="43.551"/>
  <testcase classname="tests.AppTest" name="OpenBaseApp" time="23.195"/>
</testsuite> <!-- Default test -->
